<?xml version="1.0" encoding="UTF-8"?>
<testng-results ignored="0" total="1" passed="1" failed="0" skipped="0">
  <reporter-output>
  </reporter-output>
  <suite started-at="2023-03-18T03:24:00Z" name="Command line suite" finished-at="2023-03-18T03:24:00Z" duration-ms="27">
    <groups>
    </groups>
    <test started-at="2023-03-18T03:24:00Z" name="Command line test" finished-at="2023-03-18T03:24:00Z" duration-ms="27">
      <class name="com.simplilearn.Capstone_Project.AppTest">
        <test-method signature="testApp()" started-at="2023-03-18T03:24:00Z" name="testApp" finished-at="2023-03-18T03:24:00Z" duration-ms="7" status="PASS">
          <reporter-output>
          </reporter-output>
        </test-method> <!-- testApp -->
      </class> <!-- com.simplilearn.Capstone_Project.AppTest -->
    </test> <!-- Command line test -->
  </suite> <!-- Command line suite -->
</testng-results>
