<?xml version="1.0" encoding="UTF-8" standalone="no"?>
<testsuite errors="0" failures="0" name="io.cucumber.core.plugin.JUnitFormatter" skipped="0" tests="3" time="34.431">
    <testcase classname="Checkout Feature Scenario" name="Add a product to checkout and move on to order summary" time="23.579">
        <system-out><![CDATA[Given I login as a user.....................................................passed
When I select a category as "Antibiotics"...................................passed
And I should land on the category page for "Antibiotics"....................passed
And I click on the view button for a product as "Amoxicillin"...............passed
Then I should land on the product details page for "Amoxicillin"............passed
And I click on the Add to Cart button.......................................passed
Then I should land on the shopping cart page and display item for "Amoxicillin".passed
And I click on Checkout button..............................................passed
Then I should land on Select Shipping Address page..........................passed
And I click on Select button................................................passed
Then I should land on Payment Details page..................................passed
And I enter the card number as "5483239104832163"...........................passed
And I enter Expiry Date as "05" and "26"....................................passed
And I enter CV Code as "694"................................................passed
And I click on Pay button...................................................passed
Then I land on the Order Confirmation page..................................passed
]]></system-out>
    </testcase>
    <testcase classname="Login Feature Scenario" name="This scenario is to define the login process as a user" time="9.347">
        <system-out><![CDATA[Given I have navigated to the login page....................................passed
When I enter the correct email as "kn@gmail.com" and password as "12345"....passed
And I click on the Login button.............................................passed
Then I should land on the home page.........................................passed
Then I should not see Manage Products.......................................passed
]]></system-out>
    </testcase>
    <testcase classname="Login Feature Scenario" name="This scenario is to define the login process as an admin" time="1.344">
        <system-out><![CDATA[Given I have navigated to the login page....................................passed
When I enter the correct email as "vk@gmail.com" and password as "admin"....passed
And I click on the Login button.............................................passed
Then I should land on the home page.........................................passed
Then I should see Manage Products...........................................passed
]]></system-out>
    </testcase>
</testsuite>
